<?xml version="1.0" encoding="UTF-8"?>
<coverage generated="1589536175080" clover="3.2.0">
  <project timestamp="1589536175080" name="All files">
    <metrics statements="25" coveredstatements="25" conditionals="17" coveredconditionals="16" methods="5" coveredmethods="5" elements="47" coveredelements="46" complexity="0" loc="25" ncloc="25" packages="2" files="2" classes="2"/>
    <package name="article-line">
      <metrics statements="22" coveredstatements="22" conditionals="13" coveredconditionals="12" methods="4" coveredmethods="4"/>
      <file name="ArticleLine.tsx" path="/Users/zhangxu/my-blog/site-next/site-next-ui/src/components/article-line/ArticleLine.tsx">
        <metrics statements="22" coveredstatements="22" conditionals="13" coveredconditionals="12" methods="4" coveredmethods="4"/>
        <line num="14" count="1" type="stmt"/>
        <line num="20" count="2" type="stmt"/>
        <line num="22" count="2" type="stmt"/>
        <line num="23" count="2" type="stmt"/>
        <line num="30" count="2" type="stmt"/>
        <line num="31" count="2" type="cond" truecount="4" falsecount="0"/>
        <line num="32" count="1" type="stmt"/>
        <line num="33" count="1" type="stmt"/>
        <line num="34" count="1" type="cond" truecount="1" falsecount="1"/>
        <line num="35" count="1" type="stmt"/>
        <line num="36" count="1" type="stmt"/>
        <line num="37" count="1" type="stmt"/>
        <line num="39" count="1" type="stmt"/>
        <line num="51" count="1" type="stmt"/>
        <line num="52" count="2" type="stmt"/>
        <line num="54" count="2" type="cond" truecount="3" falsecount="0"/>
        <line num="58" count="2" type="stmt"/>
        <line num="63" count="2" type="stmt"/>
        <line num="76" count="1" type="stmt"/>
        <line num="77" count="1" type="stmt"/>
        <line num="78" count="1" type="stmt"/>
        <line num="79" count="1" type="stmt"/>
      </file>
    </package>
    <package name="util">
      <metrics statements="3" coveredstatements="3" conditionals="4" coveredconditionals="4" methods="1" coveredmethods="1"/>
      <file name="checkDateType.tsx" path="/Users/zhangxu/my-blog/site-next/site-next-ui/src/components/util/checkDateType.tsx">
        <metrics statements="3" coveredstatements="3" conditionals="4" coveredconditionals="4" methods="1" coveredmethods="1"/>
        <line num="1" count="2" type="stmt"/>
        <line num="2" count="6" type="cond" truecount="2" falsecount="0"/>
        <line num="3" count="6" type="cond" truecount="2" falsecount="0"/>
      </file>
    </package>
  </project>
</coverage>
