{"/Users/zhangxu/my-blog/site-next/site-next-ui/src/components/article-line/ArticleLine.tsx": {"path":"/Users/zhangxu/my-blog/site-next/site-next-ui/src/components/article-line/ArticleLine.tsx","statementMap":{"0":{"start":{"line":14,"column":50},"end":{"line":68,"column":1}},"1":{"start":{"line":20,"column":6},"end":{"line":20,"column":11}},"2":{"start":{"line":22,"column":19},"end":{"line":22,"column":27}},"3":{"start":{"line":23,"column":18},"end":{"line":23,"column":49}},"4":{"start":{"line":30,"column":25},"end":{"line":61,"column":3}},"5":{"start":{"line":31,"column":4},"end":{"line":49,"column":5}},"6":{"start":{"line":32,"column":17},"end":{"line":32,"column":18}},"7":{"start":{"line":32,"column":28},"end":{"line":32,"column":30}},"8":{"start":{"line":33,"column":6},"end":{"line":48,"column":9}},"9":{"start":{"line":34,"column":8},"end":{"line":38,"column":9}},"10":{"start":{"line":35,"column":20},"end":{"line":35,"column":59}},"11":{"start":{"line":36,"column":10},"end":{"line":36,"column":33}},"12":{"start":{"line":37,"column":10},"end":{"line":37,"column":41}},"13":{"start":{"line":39,"column":8},"end":{"line":47,"column":19}},"14":{"start":{"line":51,"column":4},"end":{"line":60,"column":7}},"15":{"start":{"line":52,"column":27},"end":{"line":52,"column":89}},"16":{"start":{"line":54,"column":6},"end":{"line":59,"column":7}},"17":{"start":{"line":58,"column":10},"end":{"line":58,"column":50}},"18":{"start":{"line":63,"column":2},"end":{"line":67,"column":3}},"19":{"start":{"line":76,"column":25},"end":{"line":76,"column":52}},"20":{"start":{"line":77,"column":0},"end":{"line":77,"column":40}},"21":{"start":{"line":78,"column":0},"end":{"line":78,"column":42}},"22":{"start":{"line":79,"column":0},"end":{"line":79,"column":40}}},"fnMap":{"0":{"name":"(anonymous_0)","decl":{"start":{"line":14,"column":50},"end":{"line":14,"column":51}},"loc":{"start":{"line":14,"column":61},"end":{"line":68,"column":1}},"line":14},"1":{"name":"(anonymous_1)","decl":{"start":{"line":30,"column":25},"end":{"line":30,"column":26}},"loc":{"start":{"line":30,"column":31},"end":{"line":61,"column":3}},"line":30},"2":{"name":"(anonymous_2)","decl":{"start":{"line":33,"column":22},"end":{"line":33,"column":23}},"loc":{"start":{"line":33,"column":33},"end":{"line":48,"column":7}},"line":33},"3":{"name":"(anonymous_3)","decl":{"start":{"line":51,"column":40},"end":{"line":51,"column":41}},"loc":{"start":{"line":51,"column":51},"end":{"line":60,"column":5}},"line":51}},"branchMap":{"0":{"loc":{"start":{"line":31,"column":4},"end":{"line":49,"column":5}},"type":"if","locations":[{"start":{"line":31,"column":4},"end":{"line":49,"column":5}},{"start":{"line":31,"column":4},"end":{"line":49,"column":5}}],"line":31},"1":{"loc":{"start":{"line":31,"column":8},"end":{"line":31,"column":31}},"type":"binary-expr","locations":[{"start":{"line":31,"column":8},"end":{"line":31,"column":12}},{"start":{"line":31,"column":16},"end":{"line":31,"column":31}}],"line":31},"2":{"loc":{"start":{"line":34,"column":8},"end":{"line":38,"column":9}},"type":"if","locations":[{"start":{"line":34,"column":8},"end":{"line":38,"column":9}},{"start":{"line":34,"column":8},"end":{"line":38,"column":9}}],"line":34},"3":{"loc":{"start":{"line":41,"column":12},"end":{"line":41,"column":52}},"type":"binary-expr","locations":[{"start":{"line":41,"column":12},"end":{"line":41,"column":16}},{"start":{"line":41,"column":20},"end":{"line":41,"column":52}}],"line":41},"4":{"loc":{"start":{"line":44,"column":12},"end":{"line":44,"column":55}},"type":"binary-expr","locations":[{"start":{"line":44,"column":12},"end":{"line":44,"column":17}},{"start":{"line":44,"column":21},"end":{"line":44,"column":55}}],"line":44},"5":{"loc":{"start":{"line":54,"column":6},"end":{"line":59,"column":7}},"type":"switch","locations":[{"start":{"line":55,"column":8},"end":{"line":55,"column":31}},{"start":{"line":56,"column":8},"end":{"line":56,"column":31}},{"start":{"line":57,"column":8},"end":{"line":58,"column":50}}],"line":54}},"s":{"0":1,"1":2,"2":2,"3":2,"4":2,"5":2,"6":1,"7":1,"8":1,"9":1,"10":1,"11":1,"12":1,"13":1,"14":1,"15":2,"16":2,"17":2,"18":2,"19":1,"20":1,"21":1,"22":1},"f":{"0":2,"1":2,"2":1,"3":2},"b":{"0":[1,1],"1":[2,1],"2":[1,0],"3":[1,1],"4":[1,1],"5":[2,2,2]},"_coverageSchema":"43e27e138ebf9cfc5966b082cf9a028302ed4184","hash":"071fa9b5fe1367013c06b7fc9797e2a2d9557628"}
,"/Users/zhangxu/my-blog/site-next/site-next-ui/src/components/util/checkDateType.tsx": {"path":"/Users/zhangxu/my-blog/site-next/site-next-ui/src/components/util/checkDateType.tsx","statementMap":{"0":{"start":{"line":1,"column":29},"end":{"line":4,"column":1}},"1":{"start":{"line":2,"column":12},"end":{"line":2,"column":56}},"2":{"start":{"line":3,"column":2},"end":{"line":3,"column":35}}},"fnMap":{"0":{"name":"(anonymous_0)","decl":{"start":{"line":1,"column":29},"end":{"line":1,"column":30}},"loc":{"start":{"line":1,"column":79},"end":{"line":4,"column":1}},"line":1}},"branchMap":{"0":{"loc":{"start":{"line":2,"column":12},"end":{"line":2,"column":56}},"type":"cond-expr","locations":[{"start":{"line":2,"column":35},"end":{"line":2,"column":39}},{"start":{"line":2,"column":42},"end":{"line":2,"column":56}}],"line":2},"1":{"loc":{"start":{"line":3,"column":9},"end":{"line":3,"column":33}},"type":"binary-expr","locations":[{"start":{"line":3,"column":9},"end":{"line":3,"column":28}},{"start":{"line":3,"column":32},"end":{"line":3,"column":33}}],"line":3}},"s":{"0":2,"1":6,"2":6},"f":{"0":6},"b":{"0":[1,5],"1":[6,6]},"_coverageSchema":"43e27e138ebf9cfc5966b082cf9a028302ed4184","hash":"229a9b6ee0f4a05d06d2e569e7c749199dc110b5"}
}
