TN:
SF:/Users/zhangxu/my-blog/site-next/site-next-ui/src/components/article-line/ArticleLine.tsx
FN:14,(anonymous_0)
FN:30,(anonymous_1)
FN:33,(anonymous_2)
FN:51,(anonymous_3)
FNF:4
FNH:4
FNDA:2,(anonymous_0)
FNDA:2,(anonymous_1)
FNDA:1,(anonymous_2)
FNDA:2,(anonymous_3)
DA:14,1
DA:20,2
DA:22,2
DA:23,2
DA:30,2
DA:31,2
DA:32,1
DA:33,1
DA:34,1
DA:35,1
DA:36,1
DA:37,1
DA:39,1
DA:51,1
DA:52,2
DA:54,2
DA:58,2
DA:63,2
DA:76,1
DA:77,1
DA:78,1
DA:79,1
LF:22
LH:22
BRDA:31,0,0,1
BRDA:31,0,1,1
BRDA:31,1,0,2
BRDA:31,1,1,1
BRDA:34,2,0,1
BRDA:34,2,1,0
BRDA:41,3,0,1
BRDA:41,3,1,1
BRDA:44,4,0,1
BRDA:44,4,1,1
BRDA:54,5,0,2
BRDA:54,5,1,2
BRDA:54,5,2,2
BRF:13
BRH:12
end_of_record
TN:
SF:/Users/zhangxu/my-blog/site-next/site-next-ui/src/components/util/checkDateType.tsx
FN:1,(anonymous_0)
FNF:1
FNH:1
FNDA:6,(anonymous_0)
DA:1,2
DA:2,6
DA:3,6
LF:3
LH:3
BRDA:2,0,0,1
BRDA:2,0,1,5
BRDA:3,1,0,6
BRDA:3,1,1,6
BRF:4
BRH:4
end_of_record
